<?xml version="1.0" encoding="UTF-8"?>
<!-- Generated by org.testng.reporters.JUnitReportReporter -->
<testsuite hostname="DESKTOP-G0Q6T91" failures="0" tests="1" name="pagestests.AddItemToCartTest" time="3.453" errors="0" timestamp="2024-07-14T17:31:15 WAT" skipped="0">
  <testcase classname="pagestests.AddItemToCartTest" name="testCheckout" time="3.453"/>
</testsuite> <!-- pagestests.AddItemToCartTest -->
