<?xml version="1.0" encoding="UTF-8"?>
<!-- Generated by org.testng.reporters.JUnitReportReporter -->
<testsuite hostname="DESKTOP-G0Q6T91" failures="0" tests="1" name="pagestests.RegisterPageTest" time="5.912" errors="0" timestamp="2024-07-14T17:31:15 WAT" skipped="0">
  <testcase classname="pagestests.RegisterPageTest" name="registerPageTest" time="5.912"/>
</testsuite> <!-- pagestests.RegisterPageTest -->
